# JRE version: OpenJDK Runtime Environment (8.0_202-b03) (build 1.8.0_202-release-1483-b03)
# Java VM: OpenJDK 64-Bit Server VM (25.202-b03 mixed mode windows-amd64 compressed oops)
Heap:
 PSYoungGen      total 472576K, used 74195K [0x00000000e0000000, 0x00000000ff880000, 0x0000000100000000)
  eden space 427520K, 13% used [0x00000000e0000000,0x00000000e397c008,0x00000000fa180000)
  from space 45056K, 34% used [0x00000000fcc80000,0x00000000fdb78e88,0x00000000ff880000)
  to   space 44032K, 0% used [0x00000000fa180000,0x00000000fa180000,0x00000000fcc80000)
 ParOldGen       total 391680K, used 263787K [0x00000000a0000000, 0x00000000b7e80000, 0x00000000e0000000)
  object space 391680K, 67% used [0x00000000a0000000,0x00000000b019aed0,0x00000000b7e80000)
 Metaspace       used 119410K, capacity 126888K, committed 132648K, reserved 1165312K
  class space    used 14506K, capacity 15718K, committed 16936K, reserved 1048576K
GC Heap History (10 events):
Event: 14998.375 GC heap after
Heap after GC invocations=135 (full 8):
 PSYoungGen      total 460288K, used 8643K [0x00000000e0000000, 0x00000000ffb80000, 0x0000000100000000)
  eden space 404480K, 0% used [0x00000000e0000000,0x00000000e0000000,0x00000000f8b00000)
  from space 55808K, 15% used [0x00000000f8b00000,0x00000000f9370c10,0x00000000fc180000)
  to   space 53760K, 0% used [0x00000000fc700000,0x00000000fc700000,0x00000000ffb80000)
 ParOldGen       total 391680K, used 230857K [0x00000000a0000000, 0x00000000b7e80000, 0x00000000e0000000)
  object space 391680K, 58% used [0x00000000a0000000,0x00000000ae1726b0,0x00000000b7e80000)
 Metaspace       used 119352K, capacity 126824K, committed 132648K, reserved 1165312K
  class space    used 14504K, capacity 15718K, committed 16936K, reserved 1048576K
}
Event: 14999.155 GC heap before
{Heap before GC invocations=136 (full 8):
 PSYoungGen      total 460288K, used 413123K [0x00000000e0000000, 0x00000000ffb80000, 0x0000000100000000)
  eden space 404480K, 100% used [0x00000000e0000000,0x00000000f8b00000,0x00000000f8b00000)
  from space 55808K, 15% used [0x00000000f8b00000,0x00000000f9370c10,0x00000000fc180000)
  to   space 53760K, 0% used [0x00000000fc700000,0x00000000fc700000,0x00000000ffb80000)
 ParOldGen       total 391680K, used 230857K [0x00000000a0000000, 0x00000000b7e80000, 0x00000000e0000000)
  object space 391680K, 58% used [0x00000000a0000000,0x00000000ae1726b0,0x00000000b7e80000)
 Metaspace       used 119354K, capacity 126824K, committed 132648K, reserved 1165312K
  class space    used 14504K, capacity 15718K, committed 16936K, reserved 1048576K
Event: 14999.188 GC heap after
Heap after GC invocations=136 (full 8):
 PSYoungGen      total 466432K, used 4746K [0x00000000e0000000, 0x00000000ffa00000, 0x0000000100000000)
  eden space 414208K, 0% used [0x00000000e0000000,0x00000000e0000000,0x00000000f9480000)
  from space 52224K, 9% used [0x00000000fc700000,0x00000000fcba2b88,0x00000000ffa00000)
  to   space 51712K, 0% used [0x00000000f9480000,0x00000000f9480000,0x00000000fc700000)
 ParOldGen       total 391680K, used 236539K [0x00000000a0000000, 0x00000000b7e80000, 0x00000000e0000000)
  object space 391680K, 60% used [0x00000000a0000000,0x00000000ae6fec10,0x00000000b7e80000)
 Metaspace       used 119354K, capacity 126824K, committed 132648K, reserved 1165312K
  class space    used 14504K, capacity 15718K, committed 16936K, reserved 1048576K
}
Event: 14999.959 GC heap before
{Heap before GC invocations=137 (full 8):
 PSYoungGen      total 466432K, used 418954K [0x00000000e0000000, 0x00000000ffa00000, 0x0000000100000000)
  eden space 414208K, 100% used [0x00000000e0000000,0x00000000f9480000,0x00000000f9480000)
  from space 52224K, 9% used [0x00000000fc700000,0x00000000fcba2b88,0x00000000ffa00000)
  to   space 51712K, 0% used [0x00000000f9480000,0x00000000f9480000,0x00000000fc700000)
 ParOldGen       total 391680K, used 236539K [0x00000000a0000000, 0x00000000b7e80000, 0x00000000e0000000)
  object space 391680K, 60% used [0x00000000a0000000,0x00000000ae6fec10,0x00000000b7e80000)
 Metaspace       used 119362K, capacity 126888K, committed 132648K, reserved 1165312K
  class space    used 14504K, capacity 15718K, committed 16936K, reserved 1048576K
Event: 14999.990 GC heap after
Heap after GC invocations=137 (full 8):
 PSYoungGen      total 465920K, used 20582K [0x00000000e0000000, 0x00000000ffc80000, 0x0000000100000000)
  eden space 414208K, 0% used [0x00000000e0000000,0x00000000e0000000,0x00000000f9480000)
  from space 51712K, 39% used [0x00000000f9480000,0x00000000fa899980,0x00000000fc700000)
  to   space 50176K, 0% used [0x00000000fcb80000,0x00000000fcb80000,0x00000000ffc80000)
 ParOldGen       total 391680K, used 239613K [0x00000000a0000000, 0x00000000b7e80000, 0x00000000e0000000)
  object space 391680K, 61% used [0x00000000a0000000,0x00000000ae9ff7b8,0x00000000b7e80000)
 Metaspace       used 119362K, capacity 126888K, committed 132648K, reserved 1165312K
  class space    used 14504K, capacity 15718K, committed 16936K, reserved 1048576K
}
Event: 15000.884 GC heap before
{Heap before GC invocations=138 (full 8):
 PSYoungGen      total 465920K, used 434790K [0x00000000e0000000, 0x00000000ffc80000, 0x0000000100000000)
  eden space 414208K, 100% used [0x00000000e0000000,0x00000000f9480000,0x00000000f9480000)
  from space 51712K, 39% used [0x00000000f9480000,0x00000000fa899980,0x00000000fc700000)
  to   space 50176K, 0% used [0x00000000fcb80000,0x00000000fcb80000,0x00000000ffc80000)
 ParOldGen       total 391680K, used 239613K [0x00000000a0000000, 0x00000000b7e80000, 0x00000000e0000000)
  object space 391680K, 61% used [0x00000000a0000000,0x00000000ae9ff7b8,0x00000000b7e80000)
 Metaspace       used 119388K, capacity 126888K, committed 132648K, reserved 1165312K
  class space    used 14505K, capacity 15718K, committed 16936K, reserved 1048576K
Event: 15000.963 GC heap after
Heap after GC invocations=138 (full 8):
 PSYoungGen      total 471552K, used 3072K [0x00000000e0000000, 0x00000000ffc80000, 0x0000000100000000)
  eden space 421376K, 0% used [0x00000000e0000000,0x00000000e0000000,0x00000000f9b80000)
  from space 50176K, 6% used [0x00000000fcb80000,0x00000000fce80020,0x00000000ffc80000)
  to   space 49152K, 0% used [0x00000000f9b80000,0x00000000f9b80000,0x00000000fcb80000)
 ParOldGen       total 391680K, used 255873K [0x00000000a0000000, 0x00000000b7e80000, 0x00000000e0000000)
  object space 391680K, 65% used [0x00000000a0000000,0x00000000af9e0760,0x00000000b7e80000)
 Metaspace       used 119388K, capacity 126888K, committed 132648K, reserved 1165312K
  class space    used 14505K, capacity 15718K, committed 16936K, reserved 1048576K
}
Event: 15001.495 GC heap before
{Heap before GC invocations=139 (full 8):
 PSYoungGen      total 471552K, used 424448K [0x00000000e0000000, 0x00000000ffc80000, 0x0000000100000000)
  eden space 421376K, 100% used [0x00000000e0000000,0x00000000f9b80000,0x00000000f9b80000)
  from space 50176K, 6% used [0x00000000fcb80000,0x00000000fce80020,0x00000000ffc80000)
  to   space 49152K, 0% used [0x00000000f9b80000,0x00000000f9b80000,0x00000000fcb80000)
 ParOldGen       total 391680K, used 255873K [0x00000000a0000000, 0x00000000b7e80000, 0x00000000e0000000)
  object space 391680K, 65% used [0x00000000a0000000,0x00000000af9e0760,0x00000000b7e80000)
 Metaspace       used 119392K, capacity 126888K, committed 132648K, reserved 1165312K
  class space    used 14505K, capacity 15718K, committed 16936K, reserved 1048576K
Event: 15001.519 GC heap after
Heap after GC invocations=139 (full 8):
 PSYoungGen      total 470528K, used 8237K [0x00000000e0000000, 0x00000000ffa00000, 0x0000000100000000)
  eden space 421376K, 0% used [0x00000000e0000000,0x00000000e0000000,0x00000000f9b80000)
  from space 49152K, 16% used [0x00000000f9b80000,0x00000000fa38b628,0x00000000fcb80000)
  to   space 46592K, 0% used [0x00000000fcc80000,0x00000000fcc80000,0x00000000ffa00000)
 ParOldGen       total 391680K, used 258161K [0x00000000a0000000, 0x00000000b7e80000, 0x00000000e0000000)
  object space 391680K, 65% used [0x00000000a0000000,0x00000000afc1c7e8,0x00000000b7e80000)
 Metaspace       used 119392K, capacity 126888K, committed 132648K, reserved 1165312K
  class space    used 14505K, capacity 15718K, committed 16936K, reserved 1048576K
}
Event: 15002.511 GC heap before
{Heap before GC invocations=140 (full 8):
 PSYoungGen      total 470528K, used 429613K [0x00000000e0000000, 0x00000000ffa00000, 0x0000000100000000)
  eden space 421376K, 100% used [0x00000000e0000000,0x00000000f9b80000,0x00000000f9b80000)
  from space 49152K, 16% used [0x00000000f9b80000,0x00000000fa38b628,0x00000000fcb80000)
  to   space 46592K, 0% used [0x00000000fcc80000,0x00000000fcc80000,0x00000000ffa00000)
 ParOldGen       total 391680K, used 258161K [0x00000000a0000000, 0x00000000b7e80000, 0x00000000e0000000)
  object space 391680K, 65% used [0x00000000a0000000,0x00000000afc1c7e8,0x00000000b7e80000)
 Metaspace       used 119410K, capacity 126888K, committed 132648K, reserved 1165312K
  class space    used 14506K, capacity 15718K, committed 16936K, reserved 1048576K

